<?xml version="1.0" encoding="UTF-8"?>
<coverage generated="1736545453497" clover="3.2.0">
  <project timestamp="1736545453497" name="All files">
    <metrics statements="29" coveredstatements="22" conditionals="4" coveredconditionals="3" methods="3" coveredmethods="2" elements="36" coveredelements="27" complexity="0" loc="29" ncloc="29" packages="1" files="2" classes="2"/>
    <file name="App.tsx" path="/Users/zoepeterson/Code/demo/vite-react-demo/src/App.tsx">
      <metrics statements="22" coveredstatements="22" conditionals="3" coveredconditionals="3" methods="2" coveredmethods="2"/>
      <line num="1" count="1" type="stmt"/>
      <line num="2" count="1" type="stmt"/>
      <line num="3" count="1" type="stmt"/>
      <line num="4" count="1" type="stmt"/>
      <line num="6" count="3" type="cond" truecount="1" falsecount="0"/>
      <line num="7" count="3" type="stmt"/>
      <line num="9" count="3" type="stmt"/>
      <line num="10" count="3" type="stmt"/>
      <line num="11" count="3" type="stmt"/>
      <line num="12" count="3" type="stmt"/>
      <line num="13" count="3" type="stmt"/>
      <line num="15" count="3" type="stmt"/>
      <line num="16" count="3" type="stmt"/>
      <line num="19" count="3" type="stmt"/>
      <line num="20" count="3" type="stmt"/>
      <line num="21" count="3" type="cond" truecount="2" falsecount="0"/>
      <line num="22" count="3" type="stmt"/>
      <line num="24" count="3" type="stmt"/>
      <line num="25" count="3" type="stmt"/>
      <line num="28" count="3" type="stmt"/>
      <line num="33" count="3" type="stmt"/>
      <line num="35" count="1" type="stmt"/>
    </file>
    <file name="main.tsx" path="/Users/zoepeterson/Code/demo/vite-react-demo/src/main.tsx">
      <metrics statements="7" coveredstatements="0" conditionals="1" coveredconditionals="0" methods="1" coveredmethods="0"/>
      <line num="1" count="0" type="cond" truecount="0" falsecount="1"/>
      <line num="2" count="0" type="stmt"/>
      <line num="3" count="0" type="stmt"/>
      <line num="4" count="0" type="stmt"/>
      <line num="6" count="0" type="stmt"/>
      <line num="7" count="0" type="stmt"/>
      <line num="8" count="0" type="stmt"/>
    </file>
  </project>
</coverage>
